<?xml version="1.0" encoding="UTF-8"?>
<testng-results ignored="0" total="3" passed="3" failed="0" skipped="0">
  <reporter-output>
  </reporter-output>
  <suite started-at="2023-03-07T15:49:57 IST" name="Default suite" finished-at="2023-03-07T15:50:21 IST" duration-ms="24127">
    <groups>
    </groups>
    <test started-at="2023-03-07T15:49:57 IST" name="Default test" finished-at="2023-03-07T15:50:21 IST" duration-ms="24127">
      <class name="testng.LoginApp">
        <test-method signature="open()[pri:1, instance:testng.LoginApp@69c6161d]" started-at="2023-03-07T15:49:57 IST" name="open" finished-at="2023-03-07T15:50:16 IST" duration-ms="19368" status="PASS">
          <reporter-output>
          </reporter-output>
        </test-method> <!-- open -->
        <test-method signature="login()[pri:2, instance:testng.LoginApp@69c6161d]" started-at="2023-03-07T15:50:16 IST" name="login" finished-at="2023-03-07T15:50:21 IST" duration-ms="4551" status="PASS">
          <reporter-output>
          </reporter-output>
        </test-method> <!-- login -->
        <test-method signature="close()[pri:3, instance:testng.LoginApp@69c6161d]" started-at="2023-03-07T15:50:21 IST" name="close" finished-at="2023-03-07T15:50:21 IST" duration-ms="109" status="PASS">
          <reporter-output>
          </reporter-output>
        </test-method> <!-- close -->
      </class> <!-- testng.LoginApp -->
    </test> <!-- Default test -->
  </suite> <!-- Default suite -->
</testng-results>
